------------------------------
Load checkpoint from checkpoint.pth.tar
Checkpoint loading error: [Errno 2] No such file or directory: 'checkpoint.pth.tar'
The AI will run based on an untrained model
------------------------------

Episode 0
Epsi 0.9000
Episode 0 ends

Score: 68.000, Mean: 68.000
------------------------------
Saving checkpoint to checkpoint.pth.tar
Checkpoint Saved
------------------------------

Episode 100
Epsi 0.2777
Trial 500 [10101] 1.0000 18.0  [01101] 1.0000 18.0
Trial 1000 [01101] 1.0000 12.0  [01101] 1.0000 12.0
Trial 1500 [10101] 1.0000 8.0  [10101] 1.0000 6.0
Episode 100 ends

Score: 4192.000, Mean: 1391.092
------------------------------
Saving checkpoint to checkpoint.pth.tar
Checkpoint Saved
------------------------------

Episode 200
Epsi 0.1409
Trial 500 [10101] 1.0000 20.0  [01101] 1.0000 16.0
Trial 1000 [10101] 2.0000 18.0  [10101] 1.0000 12.0
Trial 1500 [01101] 1.0000 18.0  [10101] 1.0000 6.0
Trial 2000 [10101] 1.0000 16.0  [10101] 1.0000 6.0
Episode 200 ends

Score: 4911.000, Mean: 1400.316
------------------------------
Saving checkpoint to checkpoint.pth.tar
Checkpoint Saved
------------------------------

Episode 300
Epsi 0.1080
Trial 500 [10101] 1.0000 14.0  [01101] 1.0000 14.0
Episode 300 ends

Score: 1593.000, Mean: 1532.214
------------------------------
Saving checkpoint to checkpoint.pth.tar
Checkpoint Saved
------------------------------

Episode 400
Epsi 0.1014
Trial 500 [10101] 1.0000 3.5  [01101] 1.0000 3.3
Episode 400 ends

Score: 1065.736, Mean: 1697.886
------------------------------
Saving checkpoint to checkpoint.pth.tar
Checkpoint Saved
------------------------------

Episode 500
Epsi 0.1003
Trial 500 [01101] 1.0000 20.0  [10101] 1.0000 20.0
Trial 1000 [01101] 1.0000 12.0  [10101] 1.0000 14.0
Trial 1500 [10101] 1.0000 12.0  [01101] 1.0000 14.0
Trial 2000 [01101] 1.0000 2.0  [10101] 2.0000 14.0
Episode 500 ends

Score: 4174.000, Mean: 1413.974
------------------------------
Saving checkpoint to checkpoint.pth.tar
Checkpoint Saved
------------------------------

Episode 600
Epsi 0.1001
Episode 600 ends

Score: 93.000, Mean: 827.376
------------------------------
Saving checkpoint to checkpoint.pth.tar
Checkpoint Saved
------------------------------

Episode 700
Epsi 0.1000
Episode 700 ends

Score: 153.000, Mean: 626.696
------------------------------
Saving checkpoint to checkpoint.pth.tar
Checkpoint Saved
------------------------------

Episode 800
Epsi 0.1000
Episode 800 ends

Score: 90.000, Mean: 108.933
------------------------------
Saving checkpoint to checkpoint.pth.tar
Checkpoint Saved
------------------------------

Episode 900
Epsi 0.1000
Episode 900 ends

Score: -0.034, Mean: 544.186
------------------------------
Saving checkpoint to checkpoint.pth.tar
Checkpoint Saved
------------------------------

Episode 1000
Epsi 0.1000
Episode 1000 ends

Score: 82.000, Mean: 1700.551
------------------------------
Saving checkpoint to checkpoint.pth.tar
Checkpoint Saved
------------------------------

Episode 1100
Epsi 0.1000
Episode 1100 ends

Score: 107.000, Mean: 928.490
------------------------------
Saving checkpoint to checkpoint.pth.tar
Checkpoint Saved
------------------------------

Episode 1200
Epsi 0.1000
Episode 1200 ends

Score: 35.000, Mean: 494.796
------------------------------
Saving checkpoint to checkpoint.pth.tar
Checkpoint Saved
------------------------------

Episode 1300
Epsi 0.1000
Episode 1300 ends

Score: 157.896, Mean: 148.955
------------------------------
Saving checkpoint to checkpoint.pth.tar
Checkpoint Saved
------------------------------

Episode 1400
Epsi 0.1000
Episode 1400 ends

Score: 856.370, Mean: 456.959
------------------------------
Saving checkpoint to checkpoint.pth.tar
Checkpoint Saved
------------------------------

Episode 1500
Epsi 0.1000
Trial 500 [01101] 1.0000 1.6  [10101] 1.0000 1.1
Trial 1000 [01101] 1.0000 1.6  [10101] 1.0000 1.1
Trial 1500 [10101] 1.0000 1.6  [10101] 1.0000 1.1
Episode 1500 ends

Score: 3224.000, Mean: 857.316
------------------------------
Saving checkpoint to checkpoint.pth.tar
Checkpoint Saved
------------------------------

Episode 1600
Epsi 0.1000
Trial 500 [10101] 1.0000 18.0  [01101] 1.0000 20.0
Episode 1600 ends

Score: 961.000, Mean: 1331.253
------------------------------
Saving checkpoint to checkpoint.pth.tar
Checkpoint Saved
------------------------------

Episode 1700
Epsi 0.1000
Trial 500 [01101] 1.0000 20.0  [01101] 1.0000 18.0
Trial 1000 [10101] 1.0000 18.0  [01101] 1.0000 18.0
Trial 1500 [10101] 1.0000 18.0  [10101] 1.0000 8.0
Trial 2000 [01101] 1.0000 16.0  [01101] 1.0000 6.0
Trial 2500 [10101] 1.0000 12.0  [01101] 1.0000 6.0
Episode 1700 ends

Score: 5738.000, Mean: 2852.397
------------------------------
Saving checkpoint to checkpoint.pth.tar
Checkpoint Saved
------------------------------

Episode 1800
Epsi 0.1000
Episode 1800 ends

Score: 303.000, Mean: 904.115
------------------------------
Saving checkpoint to checkpoint.pth.tar
Checkpoint Saved
------------------------------

Episode 1900
Epsi 0.1000
Episode 1900 ends

Score: 343.000, Mean: 990.085
------------------------------
Saving checkpoint to checkpoint.pth.tar
Checkpoint Saved
------------------------------

Episode 2000
Epsi 0.1000
Episode 2000 ends

Score: 510.542, Mean: 357.218
------------------------------
Saving checkpoint to checkpoint.pth.tar
Checkpoint Saved
------------------------------

Episode 2100
Epsi 0.1000
Episode 2100 ends

Score: 614.974, Mean: 440.124
------------------------------
Saving checkpoint to checkpoint.pth.tar
Checkpoint Saved
------------------------------

Episode 2200
Epsi 0.1000
Episode 2200 ends

Score: -19.000, Mean: 248.000
------------------------------
Saving checkpoint to checkpoint.pth.tar
Checkpoint Saved
------------------------------

Episode 2300
Epsi 0.1000
Episode 2300 ends

Score: 29.000, Mean: 463.909
------------------------------
Saving checkpoint to checkpoint.pth.tar
Checkpoint Saved
------------------------------

Episode 2400
Epsi 0.1000
Episode 2400 ends

Score: 97.000, Mean: 767.382
------------------------------
Saving checkpoint to checkpoint.pth.tar
Checkpoint Saved
------------------------------

Episode 2500
Epsi 0.1000
Episode 2500 ends

Score: 127.000, Mean: 489.447
------------------------------
Saving checkpoint to checkpoint.pth.tar
Checkpoint Saved
------------------------------

Episode 2600
Epsi 0.1000
Episode 2600 ends

Score: 487.000, Mean: 360.028
------------------------------
Saving checkpoint to checkpoint.pth.tar
Checkpoint Saved
------------------------------

Episode 2700
Epsi 0.1000
Episode 2700 ends

Score: 765.000, Mean: 322.845
------------------------------
Saving checkpoint to checkpoint.pth.tar
Checkpoint Saved
------------------------------

Episode 2800
Epsi 0.1000
Episode 2800 ends

Score: 338.000, Mean: 1079.952
------------------------------
Saving checkpoint to checkpoint.pth.tar
Checkpoint Saved
------------------------------

Episode 2900
Epsi 0.1000
Trial 500 [10101] 1.0000 20.0  [01101] 0.0000 20.0
Trial 1000 [10101] 1.0000 18.0  [01101] 1.0000 20.0
Trial 1500 [10101] 1.0000 16.0  [01101] 1.0000 20.0
Trial 2000 [01101] 1.0000 12.0  [10101] 1.0000 20.0
Trial 2500 [10101] 1.0000 10.0  [10101] 1.0000 20.0
Episode 2900 ends

Score: 5109.000, Mean: 1238.306
------------------------------
Saving checkpoint to checkpoint.pth.tar
Checkpoint Saved
------------------------------

Episode 3000
Epsi 0.1000
Episode 3000 ends

Score: 463.000, Mean: 1042.625
------------------------------
Saving checkpoint to checkpoint.pth.tar
Checkpoint Saved
------------------------------

Episode 3100
Epsi 0.1000
Episode 3100 ends

Score: 786.000, Mean: 841.677
------------------------------
Saving checkpoint to checkpoint.pth.tar
Checkpoint Saved
------------------------------

Episode 3200
Epsi 0.1000
Episode 3200 ends

Score: 188.000, Mean: 1593.098
------------------------------
Saving checkpoint to checkpoint.pth.tar
Checkpoint Saved
------------------------------

Episode 3300
Epsi 0.1000
Trial 500 [10101] 1.0000 18.0  [01101] 1.0000 20.0
Episode 3300 ends

Score: 1313.000, Mean: 822.927
------------------------------
Saving checkpoint to checkpoint.pth.tar
Checkpoint Saved
------------------------------

Episode 3400
Epsi 0.1000
Trial 500 [10101] 1.0000 18.0  [10101] 1.0000 18.0
Episode 3400 ends

Score: 783.000, Mean: 589.782
------------------------------
Saving checkpoint to checkpoint.pth.tar
Checkpoint Saved
------------------------------

Episode 3500
Epsi 0.1000
Episode 3500 ends

Score: 35.055, Mean: 845.692
------------------------------
Saving checkpoint to checkpoint.pth.tar
Checkpoint Saved
------------------------------

Episode 3600
Epsi 0.1000
Trial 500 [01101] 1.0000 20.0  [01101] 0.0000 20.0
Trial 1000 [01101] 1.0000 20.0  [10101] 0.0000 20.0
Episode 3600 ends

Score: 1025.000, Mean: 383.743
------------------------------
Saving checkpoint to checkpoint.pth.tar
Checkpoint Saved
------------------------------

Episode 3700
Epsi 0.1000
Episode 3700 ends

Score: 124.000, Mean: 269.425
------------------------------
Saving checkpoint to checkpoint.pth.tar
Checkpoint Saved
------------------------------

Episode 3800
Epsi 0.1000
Episode 3800 ends

Score: 209.000, Mean: 237.849
------------------------------
Saving checkpoint to checkpoint.pth.tar
Checkpoint Saved
------------------------------

Episode 3900
Epsi 0.1000
Episode 3900 ends

Score: 2.581, Mean: 509.205
------------------------------
Saving checkpoint to checkpoint.pth.tar
Checkpoint Saved
------------------------------

Episode 4000
Epsi 0.1000
Episode 4000 ends

Score: 233.000, Mean: 301.463
------------------------------
Saving checkpoint to checkpoint.pth.tar
Checkpoint Saved
------------------------------

Episode 4100
Epsi 0.1000
Episode 4100 ends

Score: 171.000, Mean: 353.833
------------------------------
Saving checkpoint to checkpoint.pth.tar
Checkpoint Saved
------------------------------

Episode 4200
Epsi 0.1000
Episode 4200 ends

Score: 203.000, Mean: 261.633
------------------------------
Saving checkpoint to checkpoint.pth.tar
Checkpoint Saved
------------------------------

Episode 4300
Epsi 0.1000
Episode 4300 ends

Score: 610.000, Mean: 239.852
------------------------------
Saving checkpoint to checkpoint.pth.tar
Checkpoint Saved
------------------------------

Episode 4400
Epsi 0.1000
Episode 4400 ends

Score: 406.000, Mean: 266.163
------------------------------
Saving checkpoint to checkpoint.pth.tar
Checkpoint Saved
------------------------------

Episode 4500
Epsi 0.1000
Episode 4500 ends

Score: 232.000, Mean: 246.362
------------------------------
Saving checkpoint to checkpoint.pth.tar
Checkpoint Saved
------------------------------

Episode 4600
Epsi 0.1000
Episode 4600 ends

Score: 153.000, Mean: 235.844
------------------------------
Saving checkpoint to checkpoint.pth.tar
Checkpoint Saved
------------------------------

Episode 4700
Epsi 0.1000
Episode 4700 ends

Score: 375.750, Mean: 394.757
------------------------------
Saving checkpoint to checkpoint.pth.tar
Checkpoint Saved
------------------------------

Episode 4800
Epsi 0.1000
Episode 4800 ends

Score: 128.000, Mean: 408.405
------------------------------
Saving checkpoint to checkpoint.pth.tar
Checkpoint Saved
------------------------------

Episode 4900
Epsi 0.1000
Trial 500 [01101] 1.0000 0.4  [01101] 1.0000 0.6
Episode 4900 ends

Score: 1151.560, Mean: 361.289
------------------------------
Saving checkpoint to checkpoint.pth.tar
Checkpoint Saved
------------------------------

Episode 5000
Epsi 0.1000
Episode 5000 ends

Score: 353.000, Mean: 310.893
------------------------------
Saving checkpoint to checkpoint.pth.tar
Checkpoint Saved
------------------------------

Episode 5100
Epsi 0.1000
Episode 5100 ends

Score: 98.000, Mean: 335.082
------------------------------
Saving checkpoint to checkpoint.pth.tar
Checkpoint Saved
------------------------------

Episode 5200
Epsi 0.1000
Episode 5200 ends

Score: 206.000, Mean: 378.887
------------------------------
Saving checkpoint to checkpoint.pth.tar
Checkpoint Saved
------------------------------

Episode 5300
Epsi 0.1000
Episode 5300 ends

Score: 178.000, Mean: 644.331
------------------------------
Saving checkpoint to checkpoint.pth.tar
Checkpoint Saved
------------------------------

Episode 5400
Epsi 0.1000
Trial 500 [01101] 1.0000 18.0  [01101] 1.0000 20.0
Trial 1000 [01101] 1.0000 14.0  [01101] 1.0000 20.0
Trial 1500 [10101] 1.0000 12.0  [10101] 2.0000 20.0
Trial 2000 [10101] 1.0000 6.0  [10101] 1.0000 20.0
Trial 2500 [01101] 1.0000 6.0  [01101] 1.0000 20.0
Trial 3000 [01101] 1.0000 2.0  [10101] 1.0000 20.0
Episode 5400 ends

Score: 6140.000, Mean: 559.206
------------------------------
Saving checkpoint to checkpoint.pth.tar
Checkpoint Saved
------------------------------

Episode 5500
Epsi 0.1000
Episode 5500 ends

Score: 135.000, Mean: 483.014
------------------------------
Saving checkpoint to checkpoint.pth.tar
Checkpoint Saved
------------------------------

Episode 5600
Epsi 0.1000
Episode 5600 ends

Score: 181.677, Mean: 376.161
------------------------------
Saving checkpoint to checkpoint.pth.tar
Checkpoint Saved
------------------------------

Episode 5700
Epsi 0.1000
Episode 5700 ends

Score: 267.000, Mean: 405.158
------------------------------
Saving checkpoint to checkpoint.pth.tar
Checkpoint Saved
------------------------------

Episode 5800
Epsi 0.1000
Episode 5800 ends

Score: 171.000, Mean: 245.555
------------------------------
Saving checkpoint to checkpoint.pth.tar
Checkpoint Saved
------------------------------

Episode 5900
Epsi 0.1000
Episode 5900 ends

Score: 326.071, Mean: 296.603
------------------------------
Saving checkpoint to checkpoint.pth.tar
Checkpoint Saved
------------------------------

Episode 6000
Epsi 0.1000
Episode 6000 ends

Score: 93.800, Mean: 323.366
------------------------------
Saving checkpoint to checkpoint.pth.tar
Checkpoint Saved
------------------------------

Episode 6100
Epsi 0.1000
Trial 500 [01101] 1.0000 18.0  [01101] 1.0000 20.0
Episode 6100 ends

Score: 894.000, Mean: 320.269
------------------------------
Saving checkpoint to checkpoint.pth.tar
Checkpoint Saved
------------------------------

Episode 6200
Epsi 0.1000
Episode 6200 ends

Score: 150.000, Mean: 409.973
------------------------------
Saving checkpoint to checkpoint.pth.tar
Checkpoint Saved
------------------------------

Episode 6300
Epsi 0.1000
Episode 6300 ends

Score: 430.000, Mean: 413.700
------------------------------
Saving checkpoint to checkpoint.pth.tar
Checkpoint Saved
------------------------------

Episode 6400
Epsi 0.1000
Episode 6400 ends

Score: 539.000, Mean: 380.648
------------------------------
Saving checkpoint to checkpoint.pth.tar
Checkpoint Saved
------------------------------

Episode 6500
Epsi 0.1000
Trial 500 [01101] 1.0000 2.8  [10101] 1.0000 2.6
Episode 6500 ends

Score: 1464.367, Mean: 219.940
------------------------------
Saving checkpoint to checkpoint.pth.tar
Checkpoint Saved
------------------------------

Episode 6600
Epsi 0.1000
Episode 6600 ends

Score: 161.000, Mean: 283.865
------------------------------
Saving checkpoint to checkpoint.pth.tar
Checkpoint Saved
------------------------------

Episode 6700
Epsi 0.1000
Episode 6700 ends

Score: 421.096, Mean: 401.170
------------------------------
Saving checkpoint to checkpoint.pth.tar
Checkpoint Saved
------------------------------

Episode 6800
Epsi 0.1000
Episode 6800 ends

Score: 518.000, Mean: 385.947
------------------------------
Saving checkpoint to checkpoint.pth.tar
Checkpoint Saved
------------------------------

Episode 6900
Epsi 0.1000
Episode 6900 ends

Score: 161.335, Mean: 460.734
------------------------------
Saving checkpoint to checkpoint.pth.tar
Checkpoint Saved
------------------------------

Episode 7000
Epsi 0.1000
Episode 7000 ends

Score: 33.386, Mean: 398.875
------------------------------
Saving checkpoint to checkpoint.pth.tar
Checkpoint Saved
------------------------------

Episode 7100
Epsi 0.1000
Episode 7100 ends

Score: -15.000, Mean: 468.706
------------------------------
Saving checkpoint to checkpoint.pth.tar
Checkpoint Saved
------------------------------

Episode 7200
Epsi 0.1000
Episode 7200 ends

Score: 686.000, Mean: 176.155
------------------------------
Saving checkpoint to checkpoint.pth.tar
Checkpoint Saved
------------------------------

Episode 7300
Epsi 0.1000
Episode 7300 ends

Score: 128.000, Mean: 154.058
------------------------------
Saving checkpoint to checkpoint.pth.tar
Checkpoint Saved
------------------------------

Episode 7400
Epsi 0.1000
Episode 7400 ends

Score: 73.000, Mean: 192.401
------------------------------
Saving checkpoint to checkpoint.pth.tar
Checkpoint Saved
------------------------------

Episode 7500
Epsi 0.1000
Episode 7500 ends

Score: -15.000, Mean: 77.235
------------------------------
Saving checkpoint to checkpoint.pth.tar
Checkpoint Saved
------------------------------

Episode 7600
Epsi 0.1000
Episode 7600 ends

Score: 33.000, Mean: 71.125
------------------------------
Saving checkpoint to checkpoint.pth.tar
Checkpoint Saved
------------------------------

Episode 7700
Epsi 0.1000
Episode 7700 ends

Score: -16.000, Mean: 103.122
------------------------------
Saving checkpoint to checkpoint.pth.tar
Checkpoint Saved
------------------------------

Episode 7800
Epsi 0.1000
Episode 7800 ends

Score: 187.000, Mean: 133.241
------------------------------
Saving checkpoint to checkpoint.pth.tar
Checkpoint Saved
------------------------------

Episode 7900
Epsi 0.1000
Episode 7900 ends

Score: 160.000, Mean: 185.977
------------------------------
Saving checkpoint to checkpoint.pth.tar
Checkpoint Saved
------------------------------

Episode 8000
Epsi 0.1000
Trial 500 [01101] 1.0000 0.3  [10101] 1.0000 0.9
Episode 8000 ends

Score: 1322.748, Mean: 209.847
------------------------------
Saving checkpoint to checkpoint.pth.tar
Checkpoint Saved
------------------------------

Episode 8100
Epsi 0.1000
Episode 8100 ends

Score: 101.000, Mean: 169.769
------------------------------
Saving checkpoint to checkpoint.pth.tar
Checkpoint Saved
------------------------------

Episode 8200
Epsi 0.1000
Episode 8200 ends

Score: 37.000, Mean: 67.329
------------------------------
Saving checkpoint to checkpoint.pth.tar
Checkpoint Saved
------------------------------

Episode 8300
Epsi 0.1000
Episode 8300 ends

Score: 593.686, Mean: 58.888
------------------------------
Saving checkpoint to checkpoint.pth.tar
Checkpoint Saved
------------------------------

Episode 8400
Epsi 0.1000
Episode 8400 ends

Score: 77.000, Mean: 95.813
------------------------------
Saving checkpoint to checkpoint.pth.tar
Checkpoint Saved
------------------------------

Episode 8500
Epsi 0.1000
Episode 8500 ends

Score: 27.000, Mean: 73.555
------------------------------
Saving checkpoint to checkpoint.pth.tar
Checkpoint Saved
------------------------------

Episode 8600
Epsi 0.1000
Episode 8600 ends

Score: 121.000, Mean: 142.914
------------------------------
Saving checkpoint to checkpoint.pth.tar
Checkpoint Saved
------------------------------

Episode 8700
Epsi 0.1000
Episode 8700 ends

Score: 148.000, Mean: 155.875
------------------------------
Saving checkpoint to checkpoint.pth.tar
Checkpoint Saved
------------------------------

Episode 8800
Epsi 0.1000
Episode 8800 ends

Score: 123.000, Mean: 166.371
------------------------------
Saving checkpoint to checkpoint.pth.tar
Checkpoint Saved
------------------------------

Episode 8900
Epsi 0.1000
Episode 8900 ends

Score: 84.000, Mean: 152.135
------------------------------
Saving checkpoint to checkpoint.pth.tar
Checkpoint Saved
------------------------------

Episode 9000
Epsi 0.1000
Episode 9000 ends

Score: 83.000, Mean: 105.735
------------------------------
Saving checkpoint to checkpoint.pth.tar
Checkpoint Saved
------------------------------

Episode 9100
Epsi 0.1000
Episode 9100 ends

Score: 58.680, Mean: 86.662
------------------------------
Saving checkpoint to checkpoint.pth.tar
Checkpoint Saved
------------------------------

Episode 9200
Epsi 0.1000
Episode 9200 ends

Score: -15.000, Mean: 55.657
------------------------------
Saving checkpoint to checkpoint.pth.tar
Checkpoint Saved
------------------------------

Episode 9300
Epsi 0.1000
Episode 9300 ends

Score: 102.000, Mean: 55.049
------------------------------
Saving checkpoint to checkpoint.pth.tar
Checkpoint Saved
------------------------------

Episode 9400
Epsi 0.1000
Episode 9400 ends

Score: 220.000, Mean: 258.784
------------------------------
Saving checkpoint to checkpoint.pth.tar
Checkpoint Saved
------------------------------

Episode 9500
Epsi 0.1000
Trial 500 [01101] 1.0000 2.3  [10101] 1.0000 3.0
Trial 1000 [10101] 1.0000 2.3  [01101] 1.0000 3.0
Trial 1500 [10101] 1.0000 2.3  [01101] 1.0000 3.0
Trial 2000 [01101] 1.0000 2.3  [10101] 1.0000 3.0
Trial 2500 [10101] 1.0000 2.3  [10101] 1.0000 3.0
Episode 9500 ends

Score: 5444.664, Mean: 191.949
------------------------------
Saving checkpoint to checkpoint.pth.tar
Checkpoint Saved
------------------------------

Episode 9600
Epsi 0.1000
Episode 9600 ends

Score: 134.000, Mean: 462.075
------------------------------
Saving checkpoint to checkpoint.pth.tar
Checkpoint Saved
------------------------------

Episode 9700
Epsi 0.1000
Episode 9700 ends

Score: 84.000, Mean: 242.463
------------------------------
Saving checkpoint to checkpoint.pth.tar
Checkpoint Saved
------------------------------

Episode 9800
Epsi 0.1000
Episode 9800 ends

Score: 143.752, Mean: 424.686
------------------------------
Saving checkpoint to checkpoint.pth.tar
Checkpoint Saved
------------------------------

Episode 9900
Epsi 0.1000
Episode 9900 ends

Score: 432.000, Mean: 506.212
------------------------------
Saving checkpoint to checkpoint.pth.tar
Checkpoint Saved
------------------------------

Episode 10000
Epsi 0.1000
Trial 500 [10101] 1.0000 18.0  [01101] 1.0000 18.0
Episode 10000 ends

Score: 933.000, Mean: 414.328
------------------------------
Saving checkpoint to checkpoint.pth.tar
Checkpoint Saved
------------------------------

Episode 10100
Epsi 0.1000
Episode 10100 ends

Score: 151.000, Mean: 205.958
------------------------------
Saving checkpoint to checkpoint.pth.tar
Checkpoint Saved
------------------------------

Episode 10200
Epsi 0.1000
Episode 10200 ends

Score: 837.903, Mean: 372.940
------------------------------
Saving checkpoint to checkpoint.pth.tar
Checkpoint Saved
------------------------------

Episode 10300
Epsi 0.1000
Episode 10300 ends

Score: 173.000, Mean: 566.276
------------------------------
Saving checkpoint to checkpoint.pth.tar
Checkpoint Saved
------------------------------

Episode 10400
Epsi 0.1000
Episode 10400 ends

Score: 684.000, Mean: 397.162
------------------------------
Saving checkpoint to checkpoint.pth.tar
Checkpoint Saved
------------------------------

Episode 10500
Epsi 0.1000
Episode 10500 ends

Score: 343.134, Mean: 466.415
------------------------------
Saving checkpoint to checkpoint.pth.tar
Checkpoint Saved
------------------------------

Episode 10600
Epsi 0.1000
Episode 10600 ends

Score: 112.000, Mean: 202.388
------------------------------
Saving checkpoint to checkpoint.pth.tar
Checkpoint Saved
------------------------------

Episode 10700
Epsi 0.1000
Episode 10700 ends

Score: 107.917, Mean: 160.050
------------------------------
Saving checkpoint to checkpoint.pth.tar
Checkpoint Saved
------------------------------

Episode 10800
Epsi 0.1000
Episode 10800 ends

Score: 60.000, Mean: 261.704
------------------------------
Saving checkpoint to checkpoint.pth.tar
Checkpoint Saved
------------------------------

Episode 10900
Epsi 0.1000
Episode 10900 ends

Score: 437.000, Mean: 269.898
------------------------------
Saving checkpoint to checkpoint.pth.tar
Checkpoint Saved
------------------------------

Episode 11000
Epsi 0.1000
Episode 11000 ends

Score: 596.000, Mean: 255.963
------------------------------
Saving checkpoint to checkpoint.pth.tar
Checkpoint Saved
------------------------------

Episode 11100
Epsi 0.1000
Trial 500 [01101] 1.0000 20.0  [01101] 1.0000 20.0
Trial 1000 [10101] 1.0000 20.0  [01101] 1.0000 20.0
Trial 1500 [01101] 1.0000 20.0  [01101] 1.0000 20.0
Trial 2000 [10101] 1.0000 20.0  [01101] 1.0000 20.0
Episode 11100 ends

Score: 4620.000, Mean: 217.091
------------------------------
Saving checkpoint to checkpoint.pth.tar
Checkpoint Saved
------------------------------

Episode 11200
Epsi 0.1000
Trial 500 [01101] 1.0000 16.0  [10101] 1.0000 20.0
Episode 11200 ends

Score: 952.000, Mean: 357.570
------------------------------
Saving checkpoint to checkpoint.pth.tar
Checkpoint Saved
------------------------------

Episode 11300
Epsi 0.1000
Episode 11300 ends

Score: 53.790, Mean: 199.168
------------------------------
Saving checkpoint to checkpoint.pth.tar
Checkpoint Saved
------------------------------

Episode 11400
Epsi 0.1000
Episode 11400 ends

Score: 162.589, Mean: 212.436
------------------------------
Saving checkpoint to checkpoint.pth.tar
Checkpoint Saved
------------------------------

Episode 11500
Epsi 0.1000
Episode 11500 ends

Score: 156.000, Mean: 196.726
------------------------------
Saving checkpoint to checkpoint.pth.tar
Checkpoint Saved
------------------------------

Episode 11600
Epsi 0.1000
Episode 11600 ends

Score: 156.000, Mean: 200.094
------------------------------
Saving checkpoint to checkpoint.pth.tar
Checkpoint Saved
------------------------------

Episode 11700
Epsi 0.1000
Episode 11700 ends

Score: -4.000, Mean: 392.836
------------------------------
Saving checkpoint to checkpoint.pth.tar
Checkpoint Saved
------------------------------

Episode 11800
Epsi 0.1000
Episode 11800 ends

Score: 25.000, Mean: 173.077
------------------------------
Saving checkpoint to checkpoint.pth.tar
Checkpoint Saved
------------------------------

Episode 11900
Epsi 0.1000
Episode 11900 ends

Score: 62.000, Mean: 161.781
------------------------------
Saving checkpoint to checkpoint.pth.tar
Checkpoint Saved
------------------------------

Episode 12000
Epsi 0.1000
Episode 12000 ends

Score: 624.036, Mean: 204.264
------------------------------
Saving checkpoint to checkpoint.pth.tar
Checkpoint Saved
------------------------------

Episode 12100
Epsi 0.1000
Episode 12100 ends

Score: 780.631, Mean: 243.266
------------------------------
Saving checkpoint to checkpoint.pth.tar
Checkpoint Saved
------------------------------

Episode 12200
Epsi 0.1000
Episode 12200 ends

Score: 453.847, Mean: 217.147
------------------------------
Saving checkpoint to checkpoint.pth.tar
Checkpoint Saved
------------------------------

Episode 12300
Epsi 0.1000
Episode 12300 ends

Score: 111.000, Mean: 243.926
------------------------------
Saving checkpoint to checkpoint.pth.tar
Checkpoint Saved
------------------------------

Episode 12400
Epsi 0.1000
Episode 12400 ends

Score: 71.000, Mean: 218.876
------------------------------
Saving checkpoint to checkpoint.pth.tar
Checkpoint Saved
------------------------------

Episode 12500
Epsi 0.1000
Episode 12500 ends

Score: 156.000, Mean: 232.793
------------------------------
Saving checkpoint to checkpoint.pth.tar
Checkpoint Saved
------------------------------

Episode 12600
Epsi 0.1000
Episode 12600 ends

Score: 344.000, Mean: 218.079
------------------------------
Saving checkpoint to checkpoint.pth.tar
Checkpoint Saved
------------------------------

Episode 12700
Epsi 0.1000
Episode 12700 ends

Score: 160.000, Mean: 211.924
------------------------------
Saving checkpoint to checkpoint.pth.tar
Checkpoint Saved
------------------------------

Episode 12800
Epsi 0.1000
Episode 12800 ends

Score: 222.000, Mean: 192.908
------------------------------
Saving checkpoint to checkpoint.pth.tar
Checkpoint Saved
------------------------------

Episode 12900
Epsi 0.1000
Episode 12900 ends

Score: 32.000, Mean: 180.001
------------------------------
Saving checkpoint to checkpoint.pth.tar
Checkpoint Saved
------------------------------

Episode 13000
Epsi 0.1000
Episode 13000 ends

Score: 131.109, Mean: 129.091
------------------------------
Saving checkpoint to checkpoint.pth.tar
Checkpoint Saved
------------------------------

Episode 13100
Epsi 0.1000
Episode 13100 ends

Score: 13.000, Mean: 158.274
------------------------------
Saving checkpoint to checkpoint.pth.tar
Checkpoint Saved
------------------------------

Episode 13200
Epsi 0.1000
Episode 13200 ends

Score: -8.000, Mean: 138.914
------------------------------
Saving checkpoint to checkpoint.pth.tar
Checkpoint Saved
------------------------------

Episode 13300
Epsi 0.1000
Episode 13300 ends

Score: 46.625, Mean: 117.593
------------------------------
Saving checkpoint to checkpoint.pth.tar
Checkpoint Saved
------------------------------

Episode 13400
Epsi 0.1000
Episode 13400 ends

Score: 0.000, Mean: 89.886
------------------------------
Saving checkpoint to checkpoint.pth.tar
Checkpoint Saved
------------------------------

Episode 13500
Epsi 0.1000
Episode 13500 ends

Score: 27.000, Mean: 67.763
------------------------------
Saving checkpoint to checkpoint.pth.tar
Checkpoint Saved
------------------------------

Episode 13600
Epsi 0.1000
Episode 13600 ends

Score: -10.000, Mean: 59.726
------------------------------
Saving checkpoint to checkpoint.pth.tar
Checkpoint Saved
------------------------------

Episode 13700
Epsi 0.1000
Episode 13700 ends

Score: -13.000, Mean: 42.592
------------------------------
Saving checkpoint to checkpoint.pth.tar
Checkpoint Saved
------------------------------

Episode 13800
Epsi 0.1000
Episode 13800 ends

Score: 213.000, Mean: 122.639
------------------------------
Saving checkpoint to checkpoint.pth.tar
Checkpoint Saved
------------------------------

Episode 13900
Epsi 0.1000
Episode 13900 ends

Score: 632.486, Mean: 236.404
------------------------------
Saving checkpoint to checkpoint.pth.tar
Checkpoint Saved
------------------------------

Episode 14000
Epsi 0.1000
Episode 14000 ends

Score: 385.000, Mean: 289.094
------------------------------
Saving checkpoint to checkpoint.pth.tar
Checkpoint Saved
------------------------------

Episode 14100
Epsi 0.1000
Episode 14100 ends

Score: 93.000, Mean: 248.210
------------------------------
Saving checkpoint to checkpoint.pth.tar
Checkpoint Saved
------------------------------

Episode 14200
Epsi 0.1000
Episode 14200 ends

Score: 85.000, Mean: 220.326
------------------------------
Saving checkpoint to checkpoint.pth.tar
Checkpoint Saved
------------------------------

Episode 14300
Epsi 0.1000
Episode 14300 ends

Score: 37.673, Mean: 169.559
------------------------------
Saving checkpoint to checkpoint.pth.tar
Checkpoint Saved
------------------------------

Episode 14400
Epsi 0.1000
Episode 14400 ends

Score: -11.000, Mean: 89.456
------------------------------
Saving checkpoint to checkpoint.pth.tar
Checkpoint Saved
------------------------------

Episode 14500
Epsi 0.1000
Episode 14500 ends

Score: 240.000, Mean: 97.911
------------------------------
Saving checkpoint to checkpoint.pth.tar
Checkpoint Saved
------------------------------

Episode 14600
Epsi 0.1000
Episode 14600 ends

Score: 255.000, Mean: 122.385
------------------------------
Saving checkpoint to checkpoint.pth.tar
Checkpoint Saved
------------------------------

Episode 14700
Epsi 0.1000
Episode 14700 ends

Score: -8.000, Mean: 113.826
------------------------------
Saving checkpoint to checkpoint.pth.tar
Checkpoint Saved
------------------------------

Episode 14800
Epsi 0.1000
Episode 14800 ends

Score: -20.000, Mean: 46.446
------------------------------
Saving checkpoint to checkpoint.pth.tar
Checkpoint Saved
------------------------------

Episode 14900
Epsi 0.1000
Episode 14900 ends

Score: 16.315, Mean: 77.268
------------------------------
Saving checkpoint to checkpoint.pth.tar
Checkpoint Saved
------------------------------

Episode 15000
Epsi 0.1000
Episode 15000 ends

Score: 49.425, Mean: 88.157
------------------------------
Saving checkpoint to checkpoint.pth.tar
Checkpoint Saved
------------------------------

Episode 15100
Epsi 0.1000
Episode 15100 ends

Score: 75.000, Mean: 65.384
------------------------------
Saving checkpoint to checkpoint.pth.tar
Checkpoint Saved
------------------------------

Episode 15200
Epsi 0.1000
Episode 15200 ends

Score: -20.000, Mean: 52.467
------------------------------
Saving checkpoint to checkpoint.pth.tar
Checkpoint Saved
------------------------------

Episode 15300
Epsi 0.1000
Episode 15300 ends

Score: -20.000, Mean: 76.264
------------------------------
Saving checkpoint to checkpoint.pth.tar
Checkpoint Saved
------------------------------

Episode 15400
Epsi 0.1000
Episode 15400 ends

Score: -20.000, Mean: 113.914
------------------------------
Saving checkpoint to checkpoint.pth.tar
Checkpoint Saved
------------------------------

Episode 15500
Epsi 0.1000
Episode 15500 ends

Score: 153.000, Mean: 109.337
------------------------------
Saving checkpoint to checkpoint.pth.tar
Checkpoint Saved
------------------------------

Episode 15600
Epsi 0.1000
Episode 15600 ends

Score: 137.000, Mean: 140.504
------------------------------
Saving checkpoint to checkpoint.pth.tar
Checkpoint Saved
------------------------------

Episode 15700
Epsi 0.1000
Episode 15700 ends

Score: 303.000, Mean: 161.507
------------------------------
Saving checkpoint to checkpoint.pth.tar
Checkpoint Saved
------------------------------

Episode 15800
Epsi 0.1000
Episode 15800 ends

Score: 64.808, Mean: 198.375
------------------------------
Saving checkpoint to checkpoint.pth.tar
Checkpoint Saved
------------------------------

Episode 15900
Epsi 0.1000
Episode 15900 ends

Score: -6.000, Mean: 159.440
------------------------------
Saving checkpoint to checkpoint.pth.tar
Checkpoint Saved
------------------------------

Episode 16000
Epsi 0.1000
Episode 16000 ends

Score: 77.414, Mean: 160.979
------------------------------
Saving checkpoint to checkpoint.pth.tar
Checkpoint Saved
------------------------------

Episode 16100
Epsi 0.1000
Episode 16100 ends

Score: -18.000, Mean: 199.229
------------------------------
Saving checkpoint to checkpoint.pth.tar
Checkpoint Saved
------------------------------

Episode 16200
Epsi 0.1000
Episode 16200 ends

Score: 123.000, Mean: 210.685
------------------------------
Saving checkpoint to checkpoint.pth.tar
Checkpoint Saved
------------------------------

Episode 16300
Epsi 0.1000
Episode 16300 ends

Score: 560.000, Mean: 291.859
------------------------------
Saving checkpoint to checkpoint.pth.tar
Checkpoint Saved
------------------------------

Episode 16400
Epsi 0.1000
Episode 16400 ends

Score: 167.000, Mean: 233.620
------------------------------
Saving checkpoint to checkpoint.pth.tar
Checkpoint Saved
------------------------------

Episode 16500
Epsi 0.1000
Episode 16500 ends

Score: 363.000, Mean: 233.982
------------------------------
Saving checkpoint to checkpoint.pth.tar
Checkpoint Saved
------------------------------

Episode 16600
Epsi 0.1000
Episode 16600 ends

Score: 156.000, Mean: 310.175
------------------------------
Saving checkpoint to checkpoint.pth.tar
Checkpoint Saved
------------------------------

Episode 16700
Epsi 0.1000
Episode 16700 ends

Score: -20.000, Mean: 244.741
------------------------------
Saving checkpoint to checkpoint.pth.tar
Checkpoint Saved
------------------------------

Episode 16800
Epsi 0.1000
Episode 16800 ends

Score: -3.000, Mean: 232.080
------------------------------
Saving checkpoint to checkpoint.pth.tar
Checkpoint Saved
------------------------------

Episode 16900
Epsi 0.1000
Episode 16900 ends

Score: 416.000, Mean: 189.775
------------------------------
Saving checkpoint to checkpoint.pth.tar
Checkpoint Saved
------------------------------

Episode 17000
Epsi 0.1000
Trial 500 [10101] 1.0000 20.0  [01101] 1.0000 20.0
Episode 17000 ends

Score: 739.000, Mean: 210.615
------------------------------
Saving checkpoint to checkpoint.pth.tar
Checkpoint Saved
------------------------------

Episode 17100
Epsi 0.1000
Trial 500 [10101] 1.0000 18.0  [10101] 1.0000 18.0
Episode 17100 ends

Score: 979.000, Mean: 194.543
------------------------------
Saving checkpoint to checkpoint.pth.tar
Checkpoint Saved
------------------------------

Episode 17200
Epsi 0.1000
Episode 17200 ends

Score: 14.000, Mean: 173.569
------------------------------
Saving checkpoint to checkpoint.pth.tar
Checkpoint Saved
------------------------------

Episode 17300
Epsi 0.1000
Episode 17300 ends

Score: 357.957, Mean: 204.168
------------------------------
Saving checkpoint to checkpoint.pth.tar
Checkpoint Saved
------------------------------

Episode 17400
Epsi 0.1000
Episode 17400 ends

Score: 345.000, Mean: 189.216
------------------------------
Saving checkpoint to checkpoint.pth.tar
Checkpoint Saved
------------------------------

Episode 17500
Epsi 0.1000
Episode 17500 ends

Score: 290.000, Mean: 254.981
------------------------------
Saving checkpoint to checkpoint.pth.tar
Checkpoint Saved
------------------------------

Episode 17600
Epsi 0.1000
Episode 17600 ends

Score: 113.000, Mean: 228.794
------------------------------
Saving checkpoint to checkpoint.pth.tar
Checkpoint Saved
------------------------------

Episode 17700
Epsi 0.1000
Episode 17700 ends

Score: 23.000, Mean: 196.783
------------------------------
Saving checkpoint to checkpoint.pth.tar
Checkpoint Saved
------------------------------

Episode 17800
Epsi 0.1000
Episode 17800 ends

Score: 254.114, Mean: 230.211
------------------------------
Saving checkpoint to checkpoint.pth.tar
Checkpoint Saved
------------------------------

Episode 17900
Epsi 0.1000
Episode 17900 ends

Score: -14.000, Mean: 100.340
------------------------------
Saving checkpoint to checkpoint.pth.tar
Checkpoint Saved
------------------------------

Episode 18000
Epsi 0.1000
Episode 18000 ends

Score: 6.000, Mean: 159.700
------------------------------
Saving checkpoint to checkpoint.pth.tar
Checkpoint Saved
------------------------------

Episode 18100
Epsi 0.1000
Episode 18100 ends

Score: 148.890, Mean: 257.295
------------------------------
Saving checkpoint to checkpoint.pth.tar
Checkpoint Saved
------------------------------

Episode 18200
Epsi 0.1000
Episode 18200 ends

Score: 175.000, Mean: 140.524
------------------------------
Saving checkpoint to checkpoint.pth.tar
Checkpoint Saved
------------------------------

Episode 18300
Epsi 0.1000
Episode 18300 ends

Score: 492.000, Mean: 205.525
------------------------------
Saving checkpoint to checkpoint.pth.tar
Checkpoint Saved
------------------------------

Episode 18400
Epsi 0.1000
Episode 18400 ends

Score: -20.000, Mean: 115.136
------------------------------
Saving checkpoint to checkpoint.pth.tar
Checkpoint Saved
------------------------------

Episode 18500
Epsi 0.1000
Episode 18500 ends

Score: 73.000, Mean: 101.211
------------------------------
Saving checkpoint to checkpoint.pth.tar
Checkpoint Saved
------------------------------

Episode 18600
Epsi 0.1000
Episode 18600 ends

Score: -20.000, Mean: 116.402
------------------------------
Saving checkpoint to checkpoint.pth.tar
Checkpoint Saved
------------------------------

Episode 18700
Epsi 0.1000
Episode 18700 ends

Score: 56.000, Mean: 199.198
------------------------------
Saving checkpoint to checkpoint.pth.tar
Checkpoint Saved
------------------------------

Episode 18800
Epsi 0.1000
Episode 18800 ends

Score: -20.000, Mean: 187.094
------------------------------
Saving checkpoint to checkpoint.pth.tar
Checkpoint Saved
------------------------------

Episode 18900
Epsi 0.1000
Episode 18900 ends

Score: -6.000, Mean: 245.418
------------------------------
Saving checkpoint to checkpoint.pth.tar
Checkpoint Saved
------------------------------

Episode 19000
Epsi 0.1000
Episode 19000 ends

Score: 278.000, Mean: 255.005
------------------------------
Saving checkpoint to checkpoint.pth.tar
Checkpoint Saved
------------------------------

Episode 19100
Epsi 0.1000
Episode 19100 ends

Score: 1.000, Mean: 327.872
------------------------------
Saving checkpoint to checkpoint.pth.tar
Checkpoint Saved
------------------------------

Episode 19200
Epsi 0.1000
Episode 19200 ends

Score: 163.000, Mean: 239.149
------------------------------
Saving checkpoint to checkpoint.pth.tar
Checkpoint Saved
------------------------------

Episode 19300
Epsi 0.1000
Episode 19300 ends

Score: 619.000, Mean: 241.597
------------------------------
Saving checkpoint to checkpoint.pth.tar
Checkpoint Saved
------------------------------

Episode 19400
Epsi 0.1000
Episode 19400 ends

Score: 441.098, Mean: 200.036
------------------------------
Saving checkpoint to checkpoint.pth.tar
Checkpoint Saved
------------------------------

Episode 19500
Epsi 0.1000
Episode 19500 ends

Score: 522.154, Mean: 189.709
------------------------------
Saving checkpoint to checkpoint.pth.tar
Checkpoint Saved
------------------------------

Episode 19600
Epsi 0.1000
Episode 19600 ends

Score: -18.000, Mean: 212.221
------------------------------
Saving checkpoint to checkpoint.pth.tar
Checkpoint Saved
------------------------------

Episode 19700
Epsi 0.1000
Episode 19700 ends

Score: 108.000, Mean: 351.005
------------------------------
Saving checkpoint to checkpoint.pth.tar
Checkpoint Saved
------------------------------

Episode 19800
Epsi 0.1000
Episode 19800 ends

Score: 85.000, Mean: 199.367
------------------------------
Saving checkpoint to checkpoint.pth.tar
Checkpoint Saved
------------------------------

Episode 19900
Epsi 0.1000
Episode 19900 ends

Score: 205.000, Mean: 263.468
------------------------------
Saving checkpoint to checkpoint.pth.tar
Checkpoint Saved
------------------------------

